2021-07-22 05:03:18,232 loss after 2 instances: 11
2021-07-22 05:03:18,527 bleu score after 2 instances: 0
2021-07-22 05:03:19,052 loss after 4 instances: 24
2021-07-22 05:03:19,325 bleu score after 4 instances: 0
2021-07-22 05:03:19,835 loss after 6 instances: 46
2021-07-22 05:03:20,116 bleu score after 6 instances: 0
2021-07-22 05:03:20,706 loss after 8 instances: 56
2021-07-22 05:03:20,986 bleu score after 8 instances: 0
2021-07-22 05:03:21,073 Mean epoch loss for step 1: 14
2021-07-22 05:03:21,167 Mean epoch loss for step 2: 0
2021-07-22 05:03:26,754 loss after 4 instances: 55
2021-07-22 05:03:27,038 bleu score after 4 instances: 0
2021-07-22 05:03:32,378 loss after 8 instances: 111
2021-07-22 05:03:32,646 bleu score after 8 instances: 0
2021-07-22 05:03:35,399 Mean epoch loss for step 2: 27
2021-07-22 05:03:36,053 loss after 2 instances: 24035
2021-07-22 05:03:36,337 bleu score after 2 instances: 0
2021-07-22 05:03:36,853 loss after 4 instances: 16986
2021-07-22 05:03:37,130 bleu score after 4 instances: 0
2021-07-22 05:03:37,644 loss after 6 instances: -94001
2021-07-22 05:03:37,930 bleu score after 6 instances: 0
2021-07-22 05:03:38,456 loss after 8 instances: -126897
2021-07-22 05:03:38,738 bleu score after 8 instances: 0
2021-07-22 05:03:38,785 Mean epoch loss for step 1: -31724
2021-07-22 05:03:38,884 Mean epoch loss for step 2: 0
2021-07-22 05:03:44,452 loss after 4 instances: 57
2021-07-22 05:03:44,736 bleu score after 4 instances: 0
2021-07-22 05:03:50,049 loss after 8 instances: 116
2021-07-22 05:03:50,319 bleu score after 8 instances: 0
2021-07-22 05:03:53,076 Mean epoch loss for step 2: 28
